<?xml version="1.0" encoding="UTF-8"?>
<!-- Generated by org.testng.reporters.JUnitReportReporter -->
<testsuite skipped="0" hostname="PR-SKumar" name="com.TestCases.AustraliaBillingAddressChangesTest" tests="2" failures="0" timestamp="21 Nov 2018 09:56:49 GMT" time="163.586" errors="0">
  <testcase name="PrerequisteTestForExistingUser" time="94.508" classname="com.TestCases.AustraliaBillingAddressChangesTest"/>
  <testcase name="AustraliaBillingAddressFieldsValidationsTest" time="69.078" classname="com.TestCases.AustraliaBillingAddressChangesTest"/>
</testsuite> <!-- com.TestCases.AustraliaBillingAddressChangesTest -->
