<?xml version="1.0" encoding="UTF-8"?>
<!-- Generated by org.testng.reporters.JUnitReportReporter -->
<testsuite skipped="0" hostname="PR-SKumar" name="com.TestCases.AustraliaShippingAddressChangesTest" tests="2" failures="0" timestamp="21 Nov 2018 08:59:12 GMT" time="173.717" errors="0">
  <testcase name="PrerequisteTestForExistingUser" time="95.090" classname="com.TestCases.AustraliaShippingAddressChangesTest"/>
  <testcase name="AustraliaFieldsValidationsTest" time="78.627" classname="com.TestCases.AustraliaShippingAddressChangesTest"/>
</testsuite> <!-- com.TestCases.AustraliaShippingAddressChangesTest -->
