<?xml version="1.0" encoding="UTF-8"?>
<!-- Generated by org.testng.reporters.JUnitReportReporter -->
<testsuite skipped="0" hostname="PR-SKumar" name="com.TestCases.BazaarVoiceTestValidationInProduction" tests="11" failures="0" timestamp="10 Jan 2019 10:58:15 GMT" time="700.628" errors="0">
  <testcase name="NonGoogleShoppingUser_BazaarVoiceReviewTestValidationForSpanish" time="152.714" classname="com.TestCases.BazaarVoiceTestValidationInProduction"/>
  <testcase name="NonGoogleShoppingUser_BazaarVoiceReviewTestValidationForGerman" time="128.168" classname="com.TestCases.BazaarVoiceTestValidationInProduction"/>
  <testcase name="NonGoogleShoppingUser_BazaarVoiceReviewTestValidationForFrench" time="102.929" classname="com.TestCases.BazaarVoiceTestValidationInProduction"/>
  <testcase name="NonGoogleShoppingUser_BazaarVoiceReviewTestValidationForItaliano" time="50.003" classname="com.TestCases.BazaarVoiceTestValidationInProduction"/>
  <testcase name="NonGoogleShoppingUser_BazaarVoiceReviewTestValidationForPortuguese" time="48.324" classname="com.TestCases.BazaarVoiceTestValidationInProduction"/>
  <testcase name="NonGoogleShoppingUser_BazaarVoiceReviewTestValidationForSwedish" time="47.123" classname="com.TestCases.BazaarVoiceTestValidationInProduction"/>
  <testcase name="NonGoogleShoppingUser_BazaarVoiceReviewTestValidationForDutch" time="49.875" classname="com.TestCases.BazaarVoiceTestValidationInProduction"/>
  <testcase name="NonGoogleShoppingUser_BazaarVoiceReviewTestValidationForChinese" time="49.538" classname="com.TestCases.BazaarVoiceTestValidationInProduction"/>
  <testcase name="NonGoogleShoppingUser_BazaarVoiceReviewTestValidationForKorean" time="23.210" classname="com.TestCases.BazaarVoiceTestValidationInProduction"/>
  <testcase name="NonGoogleShoppingUser_BazaarVoiceReviewTestValidationForJapanese" time="27.919" classname="com.TestCases.BazaarVoiceTestValidationInProduction"/>
  <testcase name="NonGoogleShoppingUser_BazaarVoiceReviewTestValidationForEnglish" time="20.825" classname="com.TestCases.BazaarVoiceTestValidationInProduction"/>
</testsuite> <!-- com.TestCases.BazaarVoiceTestValidationInProduction -->
