<?xml version="1.0" encoding="UTF-8"?>
<!-- Generated by org.testng.reporters.JUnitReportReporter -->
<testsuite skipped="0" hostname="PR-SKumar" name="com.TestCases.ShareButtonPopUpTest" tests="2" failures="0" timestamp="18 Jan 2019 07:45:24 GMT" time="950.131" errors="0">
  <testcase name="LoggedOutSharePopUpTest" time="446.106" classname="com.TestCases.ShareButtonPopUpTest"/>
  <testcase name="LoggedInSharePopUpTest" time="504.025" classname="com.TestCases.ShareButtonPopUpTest"/>
</testsuite> <!-- com.TestCases.ShareButtonPopUpTest -->
